000.000 =============================================================
000.000                     Station A                               
000.000 -------------------------------------------------------------
000.000 Protocol.lib, version 4.0, jiangyanjun0718@bupt.edu.cn
000.000 Channel: 8000 bps, 270 ms propagation delay, bit error rate 1.0E-05
000.000 Log file "F:\4大二课程(下)\计算机网络\第一次实验\Lab1-2018(Win+Linux)\Lab1-Windows-VS2017\Debug\datalink-A.log", TCP port 59144, debug mask 0x07
000.000 Station A is waiting for station B on TCP port 59144 ... Done.
000.337 New epoch: Sun May  2 10:24:40 2021
000.337 =================================================================
000.338 
000.338 Designed by WZH&&CMH, build: May  2 2021  10:16:55
000.338 NETWORK_LAYER_READY;
000.338 ----SEND DATA 0 7 ;
000.339 Send DATA 0 7, ID 10000
000.590 NETWORK_LAYER_READY;
000.590 ----SEND DATA 1 7 ;
000.591 Send DATA 1 7, ID 10001
000.843 NETWORK_LAYER_READY;
000.843 ----SEND DATA 2 7 ;
000.844 Send DATA 2 7, ID 10002
001.113 NETWORK_LAYER_READY;
001.114 ----SEND DATA 3 7 ;
001.114 Send DATA 3 7, ID 10003
001.383 NETWORK_LAYER_READY;
001.383 ----SEND DATA 4 7 ;
001.383 Send DATA 4 7, ID 10004
001.479 Impose noise on received data, 1/3544=2.8E-04
001.572 FRAME_RECEIVED;
001.573 ----REVEIVE DATA 0 0, ID 20000
001.573 Recv DATA 0 0, ID 20000
001.636 NETWORK_LAYER_READY;
001.636 ----SEND DATA 5 0 ;
001.637 Send DATA 5 0, ID 10005
001.841 FRAME_RECEIVED;
001.841 **** Receiver Error, Bad CRC Checksum
001.841 ----SEND NAK 0;
001.842 Send NAK  0
001.905 NETWORK_LAYER_READY;
001.905 ----SEND DATA 6 0 ;
001.906 Send DATA 6 0, ID 10006
002.095 FRAME_RECEIVED;
002.095 ----REVEIVE DATA 2 2, ID 20002
002.173 NETWORK_LAYER_READY;
002.174 ----SEND DATA 7 0 ;
002.175 Send DATA 7 0, ID 10007
002.363 FRAME_RECEIVED;
002.364 ----REVEIVE DATA 3 3, ID 20003
002.442 NETWORK_LAYER_READY;
002.443 ----SEND DATA 0 0 ;
002.443 Send DATA 0 0, ID 10008
002.619 FRAME_RECEIVED;
002.619 ----REVEIVE DATA 4 4, ID 20004
002.698 NETWORK_LAYER_READY;
002.698 ----SEND DATA 1 0 ;
002.699 Send DATA 1 0, ID 10009
002.886 FRAME_RECEIVED;
002.886 ----REVEIVE DATA 1 5, ID 20001
002.887 Recv DATA 1 5, ID 20001
002.967 NETWORK_LAYER_READY;
002.967 ----SEND DATA 2 1 ;
002.968 Send DATA 2 1, ID 10010
003.158 FRAME_RECEIVED;
003.159 ----REVEIVE DATA 2 5, ID 20002
003.160 Recv DATA 2 5, ID 20002
003.239 NETWORK_LAYER_READY;
003.240 ----SEND DATA 3 2 ;
003.240 Send DATA 3 2, ID 10011
003.428 FRAME_RECEIVED;
003.428 ----REVEIVE DATA 3 5, ID 20003
003.429 Recv DATA 3 5, ID 20003
003.430 .... 4 packets received, 3857 bps, 48.21%, Err 1 (5.2e-05)
003.493 NETWORK_LAYER_READY;
003.493 ----SEND DATA 4 3 ;
003.494 Send DATA 4 3, ID 10012
003.684 FRAME_RECEIVED;
003.684 ----REVEIVE DATA 4 5, ID 20004
003.685 Recv DATA 4 5, ID 20004
003.702 FRAME_RECEIVED;
003.703 RECEIVE ACK 7
003.719 FRAME_RECEIVED;
003.720 RECEIVE ACK 1
003.767 NETWORK_LAYER_READY;
003.767 ----SEND DATA 5 4 ;
003.768 Send DATA 5 4, ID 10013
003.973 FRAME_RECEIVED;
003.973 ----REVEIVE DATA 5 1, ID 20005
003.974 Recv DATA 5 1, ID 20005
004.022 NETWORK_LAYER_READY;
004.023 ----SEND DATA 6 5 ;
004.023 Send DATA 6 5, ID 10014
004.228 FRAME_RECEIVED;
004.228 ----REVEIVE DATA 6 2, ID 20006
004.229 Recv DATA 6 2, ID 20006
004.292 NETWORK_LAYER_READY;
004.292 ----SEND DATA 7 6 ;
004.293 Send DATA 7 6, ID 10015
004.494 FRAME_RECEIVED;
004.494 ----REVEIVE DATA 7 3, ID 20007
004.495 Recv DATA 7 3, ID 20007
004.559 NETWORK_LAYER_READY;
004.559 ----SEND DATA 0 7 ;
004.559 Send DATA 0 7, ID 10016
004.748 FRAME_RECEIVED;
004.748 ----REVEIVE DATA 0 4, ID 20008
004.749 Recv DATA 0 4, ID 20008
004.813 NETWORK_LAYER_READY;
004.813 ----SEND DATA 1 0 ;
004.814 Send DATA 1 0, ID 10017
005.021 FRAME_RECEIVED;
005.021 ----REVEIVE DATA 1 5, ID 20009
005.022 Recv DATA 1 5, ID 20009
005.087 NETWORK_LAYER_READY;
005.087 ----SEND DATA 2 1 ;
005.088 Send DATA 2 1, ID 10018
005.291 FRAME_RECEIVED;
005.291 ----REVEIVE DATA 2 6, ID 20010
005.292 Recv DATA 2 6, ID 20010
005.340 NETWORK_LAYER_READY;
005.340 ----SEND DATA 3 2 ;
005.340 Send DATA 3 2, ID 10019
005.543 FRAME_RECEIVED;
005.543 ----REVEIVE DATA 3 7, ID 20011
005.544 Recv DATA 3 7, ID 20011
005.545 .... 12 packets received, 5798 bps, 72.47%, Err 1 (2.8e-05)
005.609 NETWORK_LAYER_READY;
005.609 ----SEND DATA 4 3 ;
005.610 Send DATA 4 3, ID 10020
005.813 FRAME_RECEIVED;
005.813 ----REVEIVE DATA 4 0, ID 20012
005.814 Recv DATA 4 0, ID 20012
005.876 NETWORK_LAYER_READY;
005.877 ----SEND DATA 5 4 ;
005.877 Send DATA 5 4, ID 10021
006.067 FRAME_RECEIVED;
006.067 ----REVEIVE DATA 5 1, ID 20013
006.068 Recv DATA 5 1, ID 20013
006.133 NETWORK_LAYER_READY;
006.133 ----SEND DATA 6 5 ;
006.134 Send DATA 6 5, ID 10022
006.338 FRAME_RECEIVED;
006.338 ----REVEIVE DATA 6 2, ID 20014
006.339 Recv DATA 6 2, ID 20014
006.404 NETWORK_LAYER_READY;
006.404 ----SEND DATA 7 6 ;
006.405 Send DATA 7 6, ID 10023
006.592 FRAME_RECEIVED;
006.593 ----REVEIVE DATA 7 3, ID 20015
006.594 Recv DATA 7 3, ID 20015
006.671 NETWORK_LAYER_READY;
006.672 ----SEND DATA 0 7 ;
006.672 Send DATA 0 7, ID 10024
006.860 FRAME_RECEIVED;
006.860 ----REVEIVE DATA 0 4, ID 20016
006.861 Recv DATA 0 4, ID 20016
006.926 NETWORK_LAYER_READY;
006.926 ----SEND DATA 1 0 ;
006.927 Send DATA 1 0, ID 10025
007.133 FRAME_RECEIVED;
007.133 ----REVEIVE DATA 1 5, ID 20017
007.134 Recv DATA 1 5, ID 20017
007.196 NETWORK_LAYER_READY;
007.196 ----SEND DATA 2 1 ;
007.197 Send DATA 2 1, ID 10026
007.384 FRAME_RECEIVED;
007.385 ----REVEIVE DATA 2 6, ID 20018
007.385 Recv DATA 2 6, ID 20018
007.463 NETWORK_LAYER_READY;
007.463 ----SEND DATA 3 2 ;
007.464 Send DATA 3 2, ID 10027
007.654 FRAME_RECEIVED;
007.654 ----REVEIVE DATA 3 7, ID 20019
007.655 Recv DATA 3 7, ID 20019
007.656 .... 20 packets received, 6450 bps, 80.63%, Err 1 (1.9e-05)
007.718 NETWORK_LAYER_READY;
007.718 ----SEND DATA 4 3 ;
007.719 Send DATA 4 3, ID 10028
007.925 FRAME_RECEIVED;
007.926 ----REVEIVE DATA 4 0, ID 20020
007.927 Recv DATA 4 0, ID 20020
007.991 NETWORK_LAYER_READY;
007.991 ----SEND DATA 5 4 ;
007.992 Send DATA 5 4, ID 10029
