000.000 =============================================================
000.000                     Station B                               
000.000 -------------------------------------------------------------
000.000 Protocol.lib, version 4.0, jiangyanjun0718@bupt.edu.cn
000.000 Channel: 8000 bps, 270 ms propagation delay, bit error rate 1.0E-05
000.000 Log file "F:\4大二课程(下)\计算机网络\第一次实验\Lab1-2018(Win+Linux)\Lab1-Windows-VS2017\Debug\datalink-B.log", TCP port 59144, debug mask 0x03
000.000 Station B is connecting station A (TCP port 59144) ... Done.
000.337 New epoch: Sun May  2 10:24:40 2021
000.337 =================================================================
000.338 
000.338 Designed by WZH&&CMH, build: May  2 2021  10:16:55
000.882 FRAME_RECEIVED;
000.883 ----REVEIVE DATA 0 7, ID 10000
000.884 Recv DATA 0 7, ID 10000
001.042 NETWORK_LAYER_READY;
001.042 ----SEND DATA 0 0 ;
001.042 Send DATA 0 0, ID 20000
001.153 FRAME_RECEIVED;
001.154 ----REVEIVE DATA 1 7, ID 10001
001.154 Recv DATA 1 7, ID 10001
001.279 NETWORK_LAYER_READY;
001.280 ----SEND DATA 1 1 ;
001.280 Send DATA 1 1, ID 20001
001.405 FRAME_RECEIVED;
001.406 ----REVEIVE DATA 2 7, ID 10002
001.406 Recv DATA 2 7, ID 10002
001.532 NETWORK_LAYER_READY;
001.533 ----SEND DATA 2 2 ;
001.534 Send DATA 2 2, ID 20002
001.676 FRAME_RECEIVED;
001.677 ----REVEIVE DATA 3 7, ID 10003
001.677 Recv DATA 3 7, ID 10003
001.803 NETWORK_LAYER_READY;
001.803 ----SEND DATA 3 3 ;
001.804 Send DATA 3 3, ID 20003
001.946 FRAME_RECEIVED;
001.947 ----REVEIVE DATA 4 7, ID 10004
001.947 Recv DATA 4 7, ID 10004
002.073 NETWORK_LAYER_READY;
002.073 ----SEND DATA 4 4 ;
002.073 Send DATA 4 4, ID 20004
002.199 FRAME_RECEIVED;
002.200 ----REVEIVE DATA 5 0, ID 10005
002.200 Recv DATA 5 0, ID 10005
002.216 FRAME_RECEIVED;
002.217 RECEIVE NAK 0n
002.217 Send DATA 1 5, ID 20001
002.218 Send DATA 2 5, ID 20002
002.219 Send DATA 3 5, ID 20003
002.219 Send DATA 4 5, ID 20004
002.486 FRAME_RECEIVED;
002.487 ----REVEIVE DATA 6 0, ID 10006
002.487 Recv DATA 6 0, ID 10006
002.739 FRAME_RECEIVED;
002.740 ----REVEIVE DATA 7 0, ID 10007
002.741 Recv DATA 7 0, ID 10007
002.741 .... 8 packets received, 7717 bps, 96.47%, Err 0 (0.0e+00)
002.742 ----ACK 128 timeout
002.742 Send ACK  7
003.010 FRAME_RECEIVED;
003.011 ----REVEIVE DATA 0 0, ID 10008
003.011 Recv DATA 0 0, ID 10008
003.263 FRAME_RECEIVED;
003.263 ----REVEIVE DATA 1 0, ID 10009
003.264 Recv DATA 1 0, ID 10009
003.264 ----ACK 128 timeout
003.265 Send ACK  1
003.405 NETWORK_LAYER_READY;
003.406 ----SEND DATA 5 1 ;
003.406 Send DATA 5 1, ID 20005
003.533 FRAME_RECEIVED;
003.533 ----REVEIVE DATA 2 1, ID 10010
003.534 Recv DATA 2 1, ID 10010
003.659 NETWORK_LAYER_READY;
003.659 ----SEND DATA 6 2 ;
003.660 Send DATA 6 2, ID 20006
003.800 FRAME_RECEIVED;
003.801 ----REVEIVE DATA 3 2, ID 10011
003.802 Recv DATA 3 2, ID 10011
003.928 NETWORK_LAYER_READY;
003.929 ----SEND DATA 7 3 ;
003.929 Send DATA 7 3, ID 20007
004.055 FRAME_RECEIVED;
004.056 ----REVEIVE DATA 4 3, ID 10012
004.057 Recv DATA 4 3, ID 10012
004.185 NETWORK_LAYER_READY;
004.185 ----SEND DATA 0 4 ;
004.185 Send DATA 0 4, ID 20008
004.329 FRAME_RECEIVED;
004.330 ----REVEIVE DATA 5 4, ID 10013
004.330 Recv DATA 5 4, ID 10013
004.456 NETWORK_LAYER_READY;
004.457 ----SEND DATA 1 5 ;
004.457 Send DATA 1 5, ID 20009
004.586 FRAME_RECEIVED;
004.586 ----REVEIVE DATA 6 5, ID 10014
004.587 Recv DATA 6 5, ID 10014
004.713 NETWORK_LAYER_READY;
004.713 ----SEND DATA 2 6 ;
004.714 Send DATA 2 6, ID 20010
004.855 FRAME_RECEIVED;
004.855 ----REVEIVE DATA 7 6, ID 10015
004.855 Recv DATA 7 6, ID 10015
004.856 .... 16 packets received, 7730 bps, 96.63%, Err 0 (0.0e+00)
004.981 NETWORK_LAYER_READY;
004.981 ----SEND DATA 3 7 ;
004.982 Send DATA 3 7, ID 20011
005.124 FRAME_RECEIVED;
005.125 ----REVEIVE DATA 0 7, ID 10016
005.125 Recv DATA 0 7, ID 10016
005.251 NETWORK_LAYER_READY;
005.251 ----SEND DATA 4 0 ;
005.251 Send DATA 4 0, ID 20012
005.378 FRAME_RECEIVED;
005.379 ----REVEIVE DATA 1 0, ID 10017
005.380 Recv DATA 1 0, ID 10017
005.507 NETWORK_LAYER_READY;
005.507 ----SEND DATA 5 1 ;
005.508 Send DATA 5 1, ID 20013
005.650 FRAME_RECEIVED;
005.650 ----REVEIVE DATA 2 1, ID 10018
005.651 Recv DATA 2 1, ID 10018
005.778 NETWORK_LAYER_READY;
005.778 ----SEND DATA 6 2 ;
005.778 Send DATA 6 2, ID 20014
005.906 FRAME_RECEIVED;
005.907 ----REVEIVE DATA 3 2, ID 10019
005.908 Recv DATA 3 2, ID 10019
006.035 NETWORK_LAYER_READY;
006.035 ----SEND DATA 7 3 ;
006.036 Send DATA 7 3, ID 20015
006.178 FRAME_RECEIVED;
006.178 ----REVEIVE DATA 4 3, ID 10020
006.179 Recv DATA 4 3, ID 10020
006.304 NETWORK_LAYER_READY;
006.305 ----SEND DATA 0 4 ;
006.305 Send DATA 0 4, ID 20016
006.448 FRAME_RECEIVED;
006.448 ----REVEIVE DATA 5 4, ID 10021
006.449 Recv DATA 5 4, ID 10021
006.575 NETWORK_LAYER_READY;
006.575 ----SEND DATA 1 5 ;
006.576 Send DATA 1 5, ID 20017
006.700 FRAME_RECEIVED;
006.700 ----REVEIVE DATA 6 5, ID 10022
006.701 Recv DATA 6 5, ID 10022
006.827 NETWORK_LAYER_READY;
006.827 ----SEND DATA 2 6 ;
006.828 Send DATA 2 6, ID 20018
006.970 FRAME_RECEIVED;
006.970 ----REVEIVE DATA 7 6, ID 10023
006.971 Recv DATA 7 6, ID 10023
006.971 .... 24 packets received, 7736 bps, 96.69%, Err 0 (0.0e+00)
007.096 NETWORK_LAYER_READY;
007.097 ----SEND DATA 3 7 ;
007.097 Send DATA 3 7, ID 20019
007.239 FRAME_RECEIVED;
007.239 ----REVEIVE DATA 0 7, ID 10024
007.240 Recv DATA 0 7, ID 10024
007.365 NETWORK_LAYER_READY;
007.365 ----SEND DATA 4 0 ;
007.366 Send DATA 4 0, ID 20020
007.492 FRAME_RECEIVED;
007.492 ----REVEIVE DATA 1 0, ID 10025
007.493 Recv DATA 1 0, ID 10025
007.619 NETWORK_LAYER_READY;
007.619 ----SEND DATA 5 1 ;
007.620 Send DATA 5 1, ID 20021
007.760 FRAME_RECEIVED;
007.761 ----REVEIVE DATA 2 1, ID 10026
007.762 Recv DATA 2 1, ID 10026
007.889 NETWORK_LAYER_READY;
007.889 ----SEND DATA 6 2 ;
007.890 Send DATA 6 2, ID 20022
008.034 FRAME_RECEIVED;
008.035 ----REVEIVE DATA 3 2, ID 10027
008.036 Recv DATA 3 2, ID 10027
008.099 TCP Disconnected.
