000.000 =============================================================
000.000                     Station B                               
000.000 -------------------------------------------------------------
000.000 Protocol.lib, version 4.0, jiangyanjun0718@bupt.edu.cn
000.000 Channel: 8000 bps, 270 ms propagation delay, bit error rate 0
000.000 Log file "F:\4大二课程(下)\计算机网络\第一次实验\Lab1-Windows-VS2017-protocol5 - no_nak\Debug\datalink-B.log", TCP port 59144, debug mask 0x00
000.000 Station B is connecting station A (TCP port 59144) ... Done.
000.919 New epoch: Fri May 14 23:13:33 2021
000.919 =================================================================
000.919 
000.919 Designed by WZH&&CMH, build: May 14 2021  14:56:31
003.335 .... 8 packets received, 7681 bps, 96.02%, Err 0 (0.0e+00)
005.505 .... 16 packets received, 7615 bps, 95.19%, Err 0 (0.0e+00)
007.662 .... 24 packets received, 7609 bps, 95.11%, Err 0 (0.0e+00)
009.808 .... 32 packets received, 7615 bps, 95.19%, Err 0 (0.0e+00)
011.975 .... 40 packets received, 7604 bps, 95.05%, Err 0 (0.0e+00)
014.131 .... 48 packets received, 7603 bps, 95.04%, Err 0 (0.0e+00)
016.285 .... 56 packets received, 7604 bps, 95.05%, Err 0 (0.0e+00)
018.463 .... 64 packets received, 7594 bps, 94.92%, Err 0 (0.0e+00)
020.617 .... 72 packets received, 7595 bps, 94.94%, Err 0 (0.0e+00)
022.758 .... 80 packets received, 7601 bps, 95.01%, Err 0 (0.0e+00)
024.930 .... 88 packets received, 7595 bps, 94.94%, Err 0 (0.0e+00)
027.094 .... 96 packets received, 7593 bps, 94.92%, Err 0 (0.0e+00)
029.270 .... 104 packets received, 7588 bps, 94.86%, Err 0 (0.0e+00)
031.434 .... 112 packets received, 7587 bps, 94.84%, Err 0 (0.0e+00)
033.610 .... 120 packets received, 7583 bps, 94.79%, Err 0 (0.0e+00)
035.761 .... 128 packets received, 7585 bps, 94.82%, Err 0 (0.0e+00)
037.907 .... 136 packets received, 7588 bps, 94.85%, Err 0 (0.0e+00)
040.070 .... 144 packets received, 7588 bps, 94.84%, Err 0 (0.0e+00)
042.230 .... 152 packets received, 7587 bps, 94.84%, Err 0 (0.0e+00)
044.392 .... 160 packets received, 7587 bps, 94.84%, Err 0 (0.0e+00)
046.546 .... 168 packets received, 7588 bps, 94.85%, Err 0 (0.0e+00)
048.712 .... 176 packets received, 7587 bps, 94.83%, Err 0 (0.0e+00)
050.872 .... 184 packets received, 7587 bps, 94.83%, Err 0 (0.0e+00)
053.026 .... 192 packets received, 7588 bps, 94.84%, Err 0 (0.0e+00)
055.205 .... 200 packets received, 7585 bps, 94.81%, Err 0 (0.0e+00)
057.376 .... 208 packets received, 7583 bps, 94.79%, Err 0 (0.0e+00)
059.529 .... 216 packets received, 7584 bps, 94.80%, Err 0 (0.0e+00)
061.674 .... 224 packets received, 7586 bps, 94.83%, Err 0 (0.0e+00)
063.837 .... 232 packets received, 7586 bps, 94.82%, Err 0 (0.0e+00)
065.968 .... 240 packets received, 7589 bps, 94.86%, Err 0 (0.0e+00)
068.139 .... 248 packets received, 7588 bps, 94.85%, Err 0 (0.0e+00)
070.298 .... 256 packets received, 7588 bps, 94.85%, Err 0 (0.0e+00)
072.467 .... 264 packets received, 7587 bps, 94.83%, Err 0 (0.0e+00)
074.621 .... 272 packets received, 7587 bps, 94.84%, Err 0 (0.0e+00)
076.764 .... 280 packets received, 7589 bps, 94.86%, Err 0 (0.0e+00)
078.961 .... 288 packets received, 7585 bps, 94.82%, Err 0 (0.0e+00)
081.107 .... 296 packets received, 7587 bps, 94.83%, Err 0 (0.0e+00)
083.268 .... 304 packets received, 7586 bps, 94.83%, Err 0 (0.0e+00)
085.417 .... 312 packets received, 7587 bps, 94.84%, Err 0 (0.0e+00)
087.586 .... 320 packets received, 7587 bps, 94.83%, Err 0 (0.0e+00)
089.746 .... 328 packets received, 7587 bps, 94.83%, Err 0 (0.0e+00)
091.917 .... 336 packets received, 7586 bps, 94.82%, Err 0 (0.0e+00)
094.091 .... 344 packets received, 7584 bps, 94.81%, Err 0 (0.0e+00)
096.238 .... 352 packets received, 7586 bps, 94.82%, Err 0 (0.0e+00)
098.409 .... 360 packets received, 7585 bps, 94.81%, Err 0 (0.0e+00)
100.575 .... 368 packets received, 7584 bps, 94.80%, Err 0 (0.0e+00)
102.720 .... 376 packets received, 7585 bps, 94.82%, Err 0 (0.0e+00)
104.902 .... 384 packets received, 7584 bps, 94.80%, Err 0 (0.0e+00)
107.051 .... 392 packets received, 7585 bps, 94.81%, Err 0 (0.0e+00)
109.225 .... 400 packets received, 7584 bps, 94.79%, Err 0 (0.0e+00)
111.380 .... 408 packets received, 7584 bps, 94.80%, Err 0 (0.0e+00)
113.557 .... 416 packets received, 7583 bps, 94.79%, Err 0 (0.0e+00)
115.734 .... 424 packets received, 7582 bps, 94.77%, Err 0 (0.0e+00)
117.889 .... 432 packets received, 7582 bps, 94.78%, Err 0 (0.0e+00)
120.055 .... 440 packets received, 7582 bps, 94.77%, Err 0 (0.0e+00)
122.201 .... 448 packets received, 7583 bps, 94.78%, Err 0 (0.0e+00)
124.356 .... 456 packets received, 7583 bps, 94.79%, Err 0 (0.0e+00)
126.523 .... 464 packets received, 7583 bps, 94.78%, Err 0 (0.0e+00)
128.690 .... 472 packets received, 7582 bps, 94.78%, Err 0 (0.0e+00)
130.833 .... 480 packets received, 7583 bps, 94.79%, Err 0 (0.0e+00)
132.994 .... 488 packets received, 7583 bps, 94.79%, Err 0 (0.0e+00)
135.138 .... 496 packets received, 7584 bps, 94.80%, Err 0 (0.0e+00)
137.326 .... 504 packets received, 7583 bps, 94.78%, Err 0 (0.0e+00)
139.480 .... 512 packets received, 7583 bps, 94.79%, Err 0 (0.0e+00)
141.620 .... 520 packets received, 7584 bps, 94.80%, Err 0 (0.0e+00)
143.784 .... 528 packets received, 7584 bps, 94.80%, Err 0 (0.0e+00)
145.932 .... 536 packets received, 7585 bps, 94.81%, Err 0 (0.0e+00)
148.105 .... 544 packets received, 7584 bps, 94.80%, Err 0 (0.0e+00)
150.281 .... 552 packets received, 7583 bps, 94.79%, Err 0 (0.0e+00)
152.435 .... 560 packets received, 7584 bps, 94.79%, Err 0 (0.0e+00)
154.601 .... 568 packets received, 7583 bps, 94.79%, Err 0 (0.0e+00)
156.760 .... 576 packets received, 7583 bps, 94.79%, Err 0 (0.0e+00)
158.919 .... 584 packets received, 7583 bps, 94.79%, Err 0 (0.0e+00)
161.090 .... 592 packets received, 7583 bps, 94.79%, Err 0 (0.0e+00)
163.255 .... 600 packets received, 7583 bps, 94.78%, Err 0 (0.0e+00)
165.416 .... 608 packets received, 7583 bps, 94.78%, Err 0 (0.0e+00)
167.584 .... 616 packets received, 7582 bps, 94.78%, Err 0 (0.0e+00)
169.732 .... 624 packets received, 7583 bps, 94.79%, Err 0 (0.0e+00)
171.894 .... 632 packets received, 7583 bps, 94.79%, Err 0 (0.0e+00)
174.075 .... 640 packets received, 7582 bps, 94.77%, Err 0 (0.0e+00)
176.235 .... 648 packets received, 7582 bps, 94.78%, Err 0 (0.0e+00)
178.389 .... 656 packets received, 7582 bps, 94.78%, Err 0 (0.0e+00)
180.561 .... 664 packets received, 7582 bps, 94.77%, Err 0 (0.0e+00)
182.720 .... 672 packets received, 7582 bps, 94.77%, Err 0 (0.0e+00)
184.883 .... 680 packets received, 7582 bps, 94.77%, Err 0 (0.0e+00)
187.038 .... 688 packets received, 7582 bps, 94.78%, Err 0 (0.0e+00)
189.198 .... 696 packets received, 7582 bps, 94.78%, Err 0 (0.0e+00)
191.370 .... 704 packets received, 7582 bps, 94.77%, Err 0 (0.0e+00)
193.519 .... 712 packets received, 7582 bps, 94.78%, Err 0 (0.0e+00)
195.696 .... 720 packets received, 7582 bps, 94.77%, Err 0 (0.0e+00)
197.868 .... 728 packets received, 7581 bps, 94.76%, Err 0 (0.0e+00)
200.026 .... 736 packets received, 7581 bps, 94.77%, Err 0 (0.0e+00)
202.176 .... 744 packets received, 7582 bps, 94.77%, Err 0 (0.0e+00)
204.353 .... 752 packets received, 7581 bps, 94.76%, Err 0 (0.0e+00)
206.508 .... 760 packets received, 7581 bps, 94.77%, Err 0 (0.0e+00)
208.646 .... 768 packets received, 7582 bps, 94.78%, Err 0 (0.0e+00)
210.813 .... 776 packets received, 7582 bps, 94.77%, Err 0 (0.0e+00)
212.982 .... 784 packets received, 7582 bps, 94.77%, Err 0 (0.0e+00)
215.134 .... 792 packets received, 7582 bps, 94.77%, Err 0 (0.0e+00)
217.311 .... 800 packets received, 7581 bps, 94.77%, Err 0 (0.0e+00)
219.478 .... 808 packets received, 7581 bps, 94.76%, Err 0 (0.0e+00)
221.651 .... 816 packets received, 7581 bps, 94.76%, Err 0 (0.0e+00)
223.821 .... 824 packets received, 7580 bps, 94.76%, Err 0 (0.0e+00)
225.983 .... 832 packets received, 7580 bps, 94.76%, Err 0 (0.0e+00)
228.157 .... 840 packets received, 7580 bps, 94.75%, Err 0 (0.0e+00)
230.310 .... 848 packets received, 7580 bps, 94.75%, Err 0 (0.0e+00)
232.466 .... 856 packets received, 7580 bps, 94.76%, Err 0 (0.0e+00)
234.622 .... 864 packets received, 7581 bps, 94.76%, Err 0 (0.0e+00)
236.815 .... 872 packets received, 7580 bps, 94.75%, Err 0 (0.0e+00)
238.962 .... 880 packets received, 7580 bps, 94.75%, Err 0 (0.0e+00)
241.102 .... 888 packets received, 7581 bps, 94.76%, Err 0 (0.0e+00)
243.280 .... 896 packets received, 7580 bps, 94.75%, Err 0 (0.0e+00)
245.418 .... 904 packets received, 7581 bps, 94.76%, Err 0 (0.0e+00)
247.584 .... 912 packets received, 7581 bps, 94.76%, Err 0 (0.0e+00)
249.760 .... 920 packets received, 7580 bps, 94.75%, Err 0 (0.0e+00)
251.927 .... 928 packets received, 7580 bps, 94.75%, Err 0 (0.0e+00)
254.102 .... 936 packets received, 7580 bps, 94.75%, Err 0 (0.0e+00)
256.245 .... 944 packets received, 7580 bps, 94.75%, Err 0 (0.0e+00)
258.415 .... 952 packets received, 7580 bps, 94.75%, Err 0 (0.0e+00)
260.569 .... 960 packets received, 7580 bps, 94.75%, Err 0 (0.0e+00)
262.746 .... 968 packets received, 7580 bps, 94.75%, Err 0 (0.0e+00)
264.906 .... 976 packets received, 7580 bps, 94.75%, Err 0 (0.0e+00)
267.075 .... 984 packets received, 7580 bps, 94.75%, Err 0 (0.0e+00)
269.219 .... 992 packets received, 7580 bps, 94.75%, Err 0 (0.0e+00)
271.376 .... 1000 packets received, 7580 bps, 94.75%, Err 0 (0.0e+00)
273.547 .... 1008 packets received, 7580 bps, 94.75%, Err 0 (0.0e+00)
275.700 .... 1016 packets received, 7580 bps, 94.75%, Err 0 (0.0e+00)
277.855 .... 1024 packets received, 7580 bps, 94.76%, Err 0 (0.0e+00)
280.015 .... 1032 packets received, 7580 bps, 94.76%, Err 0 (0.0e+00)
282.194 .... 1040 packets received, 7580 bps, 94.75%, Err 0 (0.0e+00)
284.360 .... 1048 packets received, 7580 bps, 94.75%, Err 0 (0.0e+00)
286.512 .... 1056 packets received, 7580 bps, 94.75%, Err 0 (0.0e+00)
288.680 .... 1064 packets received, 7580 bps, 94.75%, Err 0 (0.0e+00)
290.840 .... 1072 packets received, 7580 bps, 94.75%, Err 0 (0.0e+00)
292.996 .... 1080 packets received, 7580 bps, 94.75%, Err 0 (0.0e+00)
295.166 .... 1088 packets received, 7580 bps, 94.75%, Err 0 (0.0e+00)
297.328 .... 1096 packets received, 7580 bps, 94.75%, Err 0 (0.0e+00)
299.482 .... 1104 packets received, 7580 bps, 94.75%, Err 0 (0.0e+00)
301.667 .... 1112 packets received, 7580 bps, 94.74%, Err 0 (0.0e+00)
303.824 .... 1120 packets received, 7580 bps, 94.75%, Err 0 (0.0e+00)
305.969 .... 1128 packets received, 7580 bps, 94.75%, Err 0 (0.0e+00)
308.139 .... 1136 packets received, 7580 bps, 94.75%, Err 0 (0.0e+00)
310.297 .... 1144 packets received, 7580 bps, 94.75%, Err 0 (0.0e+00)
312.457 .... 1152 packets received, 7580 bps, 94.75%, Err 0 (0.0e+00)
314.632 .... 1160 packets received, 7580 bps, 94.75%, Err 0 (0.0e+00)
316.784 .... 1168 packets received, 7580 bps, 94.75%, Err 0 (0.0e+00)
318.954 .... 1176 packets received, 7580 bps, 94.75%, Err 0 (0.0e+00)
321.120 .... 1184 packets received, 7580 bps, 94.74%, Err 0 (0.0e+00)
323.295 .... 1192 packets received, 7579 bps, 94.74%, Err 0 (0.0e+00)
325.434 .... 1200 packets received, 7580 bps, 94.75%, Err 0 (0.0e+00)
327.606 .... 1208 packets received, 7580 bps, 94.74%, Err 0 (0.0e+00)
329.787 .... 1216 packets received, 7579 bps, 94.74%, Err 0 (0.0e+00)
331.948 .... 1224 packets received, 7579 bps, 94.74%, Err 0 (0.0e+00)
334.108 .... 1232 packets received, 7579 bps, 94.74%, Err 0 (0.0e+00)
336.253 .... 1240 packets received, 7580 bps, 94.74%, Err 0 (0.0e+00)
338.417 .... 1248 packets received, 7579 bps, 94.74%, Err 0 (0.0e+00)
340.594 .... 1256 packets received, 7579 bps, 94.74%, Err 0 (0.0e+00)
342.774 .... 1264 packets received, 7579 bps, 94.73%, Err 0 (0.0e+00)
344.907 .... 1272 packets received, 7579 bps, 94.74%, Err 0 (0.0e+00)
347.095 .... 1280 packets received, 7579 bps, 94.73%, Err 0 (0.0e+00)
349.230 .... 1288 packets received, 7579 bps, 94.74%, Err 0 (0.0e+00)
351.415 .... 1296 packets received, 7579 bps, 94.74%, Err 0 (0.0e+00)
353.547 .... 1304 packets received, 7579 bps, 94.74%, Err 0 (0.0e+00)
355.698 .... 1312 packets received, 7580 bps, 94.75%, Err 0 (0.0e+00)
357.876 .... 1320 packets received, 7579 bps, 94.74%, Err 0 (0.0e+00)
360.036 .... 1328 packets received, 7579 bps, 94.74%, Err 0 (0.0e+00)
362.206 .... 1336 packets received, 7579 bps, 94.74%, Err 0 (0.0e+00)
364.341 .... 1344 packets received, 7580 bps, 94.75%, Err 0 (0.0e+00)
366.514 .... 1352 packets received, 7580 bps, 94.74%, Err 0 (0.0e+00)
368.650 .... 1360 packets received, 7580 bps, 94.75%, Err 0 (0.0e+00)
370.829 .... 1368 packets received, 7580 bps, 94.75%, Err 0 (0.0e+00)
372.989 .... 1376 packets received, 7580 bps, 94.75%, Err 0 (0.0e+00)
375.149 .... 1384 packets received, 7580 bps, 94.75%, Err 0 (0.0e+00)
377.303 .... 1392 packets received, 7580 bps, 94.75%, Err 0 (0.0e+00)
379.469 .... 1400 packets received, 7580 bps, 94.75%, Err 0 (0.0e+00)
381.633 .... 1408 packets received, 7580 bps, 94.75%, Err 0 (0.0e+00)
383.818 .... 1416 packets received, 7579 bps, 94.74%, Err 0 (0.0e+00)
385.941 .... 1424 packets received, 7580 bps, 94.75%, Err 0 (0.0e+00)
388.110 .... 1432 packets received, 7580 bps, 94.75%, Err 0 (0.0e+00)
390.265 .... 1440 packets received, 7580 bps, 94.75%, Err 0 (0.0e+00)
392.432 .... 1448 packets received, 7580 bps, 94.75%, Err 0 (0.0e+00)
394.595 .... 1456 packets received, 7580 bps, 94.75%, Err 0 (0.0e+00)
396.774 .... 1464 packets received, 7580 bps, 94.74%, Err 0 (0.0e+00)
398.928 .... 1472 packets received, 7580 bps, 94.75%, Err 0 (0.0e+00)
401.089 .... 1480 packets received, 7580 bps, 94.75%, Err 0 (0.0e+00)
403.271 .... 1488 packets received, 7579 bps, 94.74%, Err 0 (0.0e+00)
405.433 .... 1496 packets received, 7579 bps, 94.74%, Err 0 (0.0e+00)
407.595 .... 1504 packets received, 7579 bps, 94.74%, Err 0 (0.0e+00)
409.771 .... 1512 packets received, 7579 bps, 94.74%, Err 0 (0.0e+00)
411.907 .... 1520 packets received, 7580 bps, 94.74%, Err 0 (0.0e+00)
414.073 .... 1528 packets received, 7579 bps, 94.74%, Err 0 (0.0e+00)
416.235 .... 1536 packets received, 7579 bps, 94.74%, Err 0 (0.0e+00)
418.376 .... 1544 packets received, 7580 bps, 94.75%, Err 0 (0.0e+00)
420.532 .... 1552 packets received, 7580 bps, 94.75%, Err 0 (0.0e+00)
422.699 .... 1560 packets received, 7580 bps, 94.75%, Err 0 (0.0e+00)
424.856 .... 1568 packets received, 7580 bps, 94.75%, Err 0 (0.0e+00)
427.030 .... 1576 packets received, 7580 bps, 94.75%, Err 0 (0.0e+00)
429.191 .... 1584 packets received, 7580 bps, 94.75%, Err 0 (0.0e+00)
431.354 .... 1592 packets received, 7580 bps, 94.75%, Err 0 (0.0e+00)
433.530 .... 1600 packets received, 7579 bps, 94.74%, Err 0 (0.0e+00)
435.677 .... 1608 packets received, 7580 bps, 94.75%, Err 0 (0.0e+00)
437.855 .... 1616 packets received, 7579 bps, 94.74%, Err 0 (0.0e+00)
439.997 .... 1624 packets received, 7580 bps, 94.75%, Err 0 (0.0e+00)
442.163 .... 1632 packets received, 7580 bps, 94.75%, Err 0 (0.0e+00)
444.322 .... 1640 packets received, 7580 bps, 94.75%, Err 0 (0.0e+00)
446.482 .... 1648 packets received, 7580 bps, 94.75%, Err 0 (0.0e+00)
448.651 .... 1656 packets received, 7580 bps, 94.75%, Err 0 (0.0e+00)
450.825 .... 1664 packets received, 7579 bps, 94.74%, Err 0 (0.0e+00)
452.978 .... 1672 packets received, 7580 bps, 94.74%, Err 0 (0.0e+00)
455.141 .... 1680 packets received, 7580 bps, 94.74%, Err 0 (0.0e+00)
457.286 .... 1688 packets received, 7580 bps, 94.75%, Err 0 (0.0e+00)
459.447 .... 1696 packets received, 7580 bps, 94.75%, Err 0 (0.0e+00)
460.232 TCP Disconnected.
