000.000 =============================================================
000.000                     Station A                               
000.000 -------------------------------------------------------------
000.000 Protocol.lib, version 4.0, jiangyanjun0718@bupt.edu.cn
000.000 Channel: 8000 bps, 270 ms propagation delay, bit error rate 0
000.000 Log file "F:\4大二课程(下)\计算机网络\第一次实验\Lab1-Windows-VS2017-protocol5 - no_nak\Debug\datalink-A.log", TCP port 59144, debug mask 0x00
000.000 Station A is waiting for station B on TCP port 59144 ... Done.
000.919 New epoch: Fri May 14 23:13:33 2021
000.919 =================================================================
000.919 
000.920 Designed by WZH&&CMH, build: May 14 2021  14:56:31
003.348 .... 8 packets received, 7575 bps, 94.68%, Err 0 (0.0e+00)
005.489 .... 16 packets received, 7613 bps, 95.17%, Err 0 (0.0e+00)
007.678 .... 24 packets received, 7570 bps, 94.62%, Err 0 (0.0e+00)
009.825 .... 32 packets received, 7585 bps, 94.81%, Err 0 (0.0e+00)
011.992 .... 40 packets received, 7580 bps, 94.75%, Err 0 (0.0e+00)
014.135 .... 48 packets received, 7591 bps, 94.89%, Err 0 (0.0e+00)
016.316 .... 56 packets received, 7580 bps, 94.75%, Err 0 (0.0e+00)
018.493 .... 64 packets received, 7573 bps, 94.66%, Err 0 (0.0e+00)
020.665 .... 72 packets received, 7570 bps, 94.62%, Err 0 (0.0e+00)
022.804 .... 80 packets received, 7579 bps, 94.73%, Err 0 (0.0e+00)
024.974 .... 88 packets received, 7576 bps, 94.70%, Err 0 (0.0e+00)
027.134 .... 96 packets received, 7577 bps, 94.71%, Err 0 (0.0e+00)
029.305 .... 104 packets received, 7574 bps, 94.68%, Err 0 (0.0e+00)
031.472 .... 112 packets received, 7573 bps, 94.67%, Err 0 (0.0e+00)
033.625 .... 120 packets received, 7576 bps, 94.70%, Err 0 (0.0e+00)
035.780 .... 128 packets received, 7578 bps, 94.72%, Err 0 (0.0e+00)
037.954 .... 136 packets received, 7575 bps, 94.69%, Err 0 (0.0e+00)
040.113 .... 144 packets received, 7576 bps, 94.70%, Err 0 (0.0e+00)
042.262 .... 152 packets received, 7578 bps, 94.73%, Err 0 (0.0e+00)
044.427 .... 160 packets received, 7578 bps, 94.72%, Err 0 (0.0e+00)
046.592 .... 168 packets received, 7577 bps, 94.72%, Err 0 (0.0e+00)
048.756 .... 176 packets received, 7577 bps, 94.72%, Err 0 (0.0e+00)
050.887 .... 184 packets received, 7582 bps, 94.77%, Err 0 (0.0e+00)
053.072 .... 192 packets received, 7578 bps, 94.73%, Err 0 (0.0e+00)
055.228 .... 200 packets received, 7579 bps, 94.74%, Err 0 (0.0e+00)
057.392 .... 208 packets received, 7579 bps, 94.74%, Err 0 (0.0e+00)
059.563 .... 216 packets received, 7578 bps, 94.72%, Err 0 (0.0e+00)
061.737 .... 224 packets received, 7576 bps, 94.70%, Err 0 (0.0e+00)
063.887 .... 232 packets received, 7578 bps, 94.72%, Err 0 (0.0e+00)
066.032 .... 240 packets received, 7580 bps, 94.75%, Err 0 (0.0e+00)
068.186 .... 248 packets received, 7581 bps, 94.76%, Err 0 (0.0e+00)
070.349 .... 256 packets received, 7580 bps, 94.75%, Err 0 (0.0e+00)
072.514 .... 264 packets received, 7580 bps, 94.75%, Err 0 (0.0e+00)
074.671 .... 272 packets received, 7580 bps, 94.76%, Err 0 (0.0e+00)
076.844 .... 280 packets received, 7579 bps, 94.74%, Err 0 (0.0e+00)
078.992 .... 288 packets received, 7581 bps, 94.76%, Err 0 (0.0e+00)
081.154 .... 296 packets received, 7581 bps, 94.76%, Err 0 (0.0e+00)
083.320 .... 304 packets received, 7580 bps, 94.75%, Err 0 (0.0e+00)
085.497 .... 312 packets received, 7579 bps, 94.73%, Err 0 (0.0e+00)
087.627 .... 320 packets received, 7581 bps, 94.77%, Err 0 (0.0e+00)
089.781 .... 328 packets received, 7582 bps, 94.78%, Err 0 (0.0e+00)
091.951 .... 336 packets received, 7581 bps, 94.77%, Err 0 (0.0e+00)
094.125 .... 344 packets received, 7580 bps, 94.75%, Err 0 (0.0e+00)
096.291 .... 352 packets received, 7580 bps, 94.75%, Err 0 (0.0e+00)
098.440 .... 360 packets received, 7581 bps, 94.76%, Err 0 (0.0e+00)
100.607 .... 368 packets received, 7580 bps, 94.76%, Err 0 (0.0e+00)
102.768 .... 376 packets received, 7580 bps, 94.76%, Err 0 (0.0e+00)
104.918 .... 384 packets received, 7581 bps, 94.77%, Err 0 (0.0e+00)
107.087 .... 392 packets received, 7581 bps, 94.76%, Err 0 (0.0e+00)
109.254 .... 400 packets received, 7580 bps, 94.75%, Err 0 (0.0e+00)
111.410 .... 408 packets received, 7581 bps, 94.76%, Err 0 (0.0e+00)
113.589 .... 416 packets received, 7580 bps, 94.74%, Err 0 (0.0e+00)
115.747 .... 424 packets received, 7580 bps, 94.75%, Err 0 (0.0e+00)
117.905 .... 432 packets received, 7580 bps, 94.75%, Err 0 (0.0e+00)
120.070 .... 440 packets received, 7580 bps, 94.75%, Err 0 (0.0e+00)
122.248 .... 448 packets received, 7579 bps, 94.73%, Err 0 (0.0e+00)
124.403 .... 456 packets received, 7579 bps, 94.74%, Err 0 (0.0e+00)
126.539 .... 464 packets received, 7581 bps, 94.76%, Err 0 (0.0e+00)
128.704 .... 472 packets received, 7580 bps, 94.76%, Err 0 (0.0e+00)
130.850 .... 480 packets received, 7581 bps, 94.77%, Err 0 (0.0e+00)
133.009 .... 488 packets received, 7582 bps, 94.77%, Err 0 (0.0e+00)
135.187 .... 496 packets received, 7581 bps, 94.76%, Err 0 (0.0e+00)
137.328 .... 504 packets received, 7582 bps, 94.77%, Err 0 (0.0e+00)
139.496 .... 512 packets received, 7581 bps, 94.77%, Err 0 (0.0e+00)
141.666 .... 520 packets received, 7581 bps, 94.76%, Err 0 (0.0e+00)
143.809 .... 528 packets received, 7582 bps, 94.77%, Err 0 (0.0e+00)
145.979 .... 536 packets received, 7581 bps, 94.77%, Err 0 (0.0e+00)
148.145 .... 544 packets received, 7581 bps, 94.76%, Err 0 (0.0e+00)
150.305 .... 552 packets received, 7581 bps, 94.76%, Err 0 (0.0e+00)
152.478 .... 560 packets received, 7581 bps, 94.76%, Err 0 (0.0e+00)
154.662 .... 568 packets received, 7579 bps, 94.74%, Err 0 (0.0e+00)
156.807 .... 576 packets received, 7580 bps, 94.75%, Err 0 (0.0e+00)
158.967 .... 584 packets received, 7580 bps, 94.75%, Err 0 (0.0e+00)
161.122 .... 592 packets received, 7581 bps, 94.76%, Err 0 (0.0e+00)
163.292 .... 600 packets received, 7580 bps, 94.75%, Err 0 (0.0e+00)
165.456 .... 608 packets received, 7580 bps, 94.75%, Err 0 (0.0e+00)
167.616 .... 616 packets received, 7580 bps, 94.75%, Err 0 (0.0e+00)
169.790 .... 624 packets received, 7580 bps, 94.74%, Err 0 (0.0e+00)
171.954 .... 632 packets received, 7579 bps, 94.74%, Err 0 (0.0e+00)
174.116 .... 640 packets received, 7579 bps, 94.74%, Err 0 (0.0e+00)
176.276 .... 648 packets received, 7580 bps, 94.74%, Err 0 (0.0e+00)
178.450 .... 656 packets received, 7579 bps, 94.74%, Err 0 (0.0e+00)
180.593 .... 664 packets received, 7580 bps, 94.75%, Err 0 (0.0e+00)
182.739 .... 672 packets received, 7580 bps, 94.76%, Err 0 (0.0e+00)
184.926 .... 680 packets received, 7579 bps, 94.74%, Err 0 (0.0e+00)
187.061 .... 688 packets received, 7580 bps, 94.76%, Err 0 (0.0e+00)
189.220 .... 696 packets received, 7581 bps, 94.76%, Err 0 (0.0e+00)
191.388 .... 704 packets received, 7580 bps, 94.75%, Err 0 (0.0e+00)
193.565 .... 712 packets received, 7580 bps, 94.75%, Err 0 (0.0e+00)
195.734 .... 720 packets received, 7579 bps, 94.74%, Err 0 (0.0e+00)
197.889 .... 728 packets received, 7580 bps, 94.75%, Err 0 (0.0e+00)
200.063 .... 736 packets received, 7579 bps, 94.74%, Err 0 (0.0e+00)
202.224 .... 744 packets received, 7579 bps, 94.74%, Err 0 (0.0e+00)
204.369 .... 752 packets received, 7580 bps, 94.75%, Err 0 (0.0e+00)
206.523 .... 760 packets received, 7580 bps, 94.75%, Err 0 (0.0e+00)
208.689 .... 768 packets received, 7580 bps, 94.75%, Err 0 (0.0e+00)
210.844 .... 776 packets received, 7580 bps, 94.75%, Err 0 (0.0e+00)
212.997 .... 784 packets received, 7580 bps, 94.76%, Err 0 (0.0e+00)
215.182 .... 792 packets received, 7580 bps, 94.75%, Err 0 (0.0e+00)
217.352 .... 800 packets received, 7579 bps, 94.74%, Err 0 (0.0e+00)
219.520 .... 808 packets received, 7579 bps, 94.74%, Err 0 (0.0e+00)
221.675 .... 816 packets received, 7579 bps, 94.74%, Err 0 (0.0e+00)
223.849 .... 824 packets received, 7579 bps, 94.74%, Err 0 (0.0e+00)
226.012 .... 832 packets received, 7579 bps, 94.74%, Err 0 (0.0e+00)
228.189 .... 840 packets received, 7578 bps, 94.73%, Err 0 (0.0e+00)
230.346 .... 848 packets received, 7579 bps, 94.73%, Err 0 (0.0e+00)
232.513 .... 856 packets received, 7578 bps, 94.73%, Err 0 (0.0e+00)
234.669 .... 864 packets received, 7579 bps, 94.73%, Err 0 (0.0e+00)
236.831 .... 872 packets received, 7579 bps, 94.73%, Err 0 (0.0e+00)
239.007 .... 880 packets received, 7578 bps, 94.73%, Err 0 (0.0e+00)
241.148 .... 888 packets received, 7579 bps, 94.73%, Err 0 (0.0e+00)
243.319 .... 896 packets received, 7578 bps, 94.73%, Err 0 (0.0e+00)
245.462 .... 904 packets received, 7579 bps, 94.74%, Err 0 (0.0e+00)
247.628 .... 912 packets received, 7579 bps, 94.74%, Err 0 (0.0e+00)
249.801 .... 920 packets received, 7579 bps, 94.73%, Err 0 (0.0e+00)
251.973 .... 928 packets received, 7578 bps, 94.73%, Err 0 (0.0e+00)
254.117 .... 936 packets received, 7579 bps, 94.74%, Err 0 (0.0e+00)
256.289 .... 944 packets received, 7579 bps, 94.73%, Err 0 (0.0e+00)
258.462 .... 952 packets received, 7578 bps, 94.73%, Err 0 (0.0e+00)
260.631 .... 960 packets received, 7578 bps, 94.72%, Err 0 (0.0e+00)
262.778 .... 968 packets received, 7578 bps, 94.73%, Err 0 (0.0e+00)
264.951 .... 976 packets received, 7578 bps, 94.73%, Err 0 (0.0e+00)
267.108 .... 984 packets received, 7578 bps, 94.73%, Err 0 (0.0e+00)
269.251 .... 992 packets received, 7579 bps, 94.73%, Err 0 (0.0e+00)
271.409 .... 1000 packets received, 7579 bps, 94.74%, Err 0 (0.0e+00)
273.569 .... 1008 packets received, 7579 bps, 94.74%, Err 0 (0.0e+00)
275.735 .... 1016 packets received, 7579 bps, 94.74%, Err 0 (0.0e+00)
277.902 .... 1024 packets received, 7579 bps, 94.73%, Err 0 (0.0e+00)
280.071 .... 1032 packets received, 7578 bps, 94.73%, Err 0 (0.0e+00)
282.245 .... 1040 packets received, 7578 bps, 94.73%, Err 0 (0.0e+00)
284.423 .... 1048 packets received, 7578 bps, 94.72%, Err 0 (0.0e+00)
286.577 .... 1056 packets received, 7578 bps, 94.72%, Err 0 (0.0e+00)
288.742 .... 1064 packets received, 7578 bps, 94.72%, Err 0 (0.0e+00)
290.888 .... 1072 packets received, 7578 bps, 94.73%, Err 0 (0.0e+00)
293.044 .... 1080 packets received, 7578 bps, 94.73%, Err 0 (0.0e+00)
295.216 .... 1088 packets received, 7578 bps, 94.73%, Err 0 (0.0e+00)
297.379 .... 1096 packets received, 7578 bps, 94.73%, Err 0 (0.0e+00)
299.557 .... 1104 packets received, 7578 bps, 94.72%, Err 0 (0.0e+00)
301.717 .... 1112 packets received, 7578 bps, 94.72%, Err 0 (0.0e+00)
303.871 .... 1120 packets received, 7578 bps, 94.73%, Err 0 (0.0e+00)
306.033 .... 1128 packets received, 7578 bps, 94.73%, Err 0 (0.0e+00)
308.213 .... 1136 packets received, 7578 bps, 94.72%, Err 0 (0.0e+00)
310.360 .... 1144 packets received, 7578 bps, 94.72%, Err 0 (0.0e+00)
312.513 .... 1152 packets received, 7578 bps, 94.73%, Err 0 (0.0e+00)
314.680 .... 1160 packets received, 7578 bps, 94.73%, Err 0 (0.0e+00)
316.842 .... 1168 packets received, 7578 bps, 94.73%, Err 0 (0.0e+00)
319.018 .... 1176 packets received, 7578 bps, 94.72%, Err 0 (0.0e+00)
321.185 .... 1184 packets received, 7578 bps, 94.72%, Err 0 (0.0e+00)
323.330 .... 1192 packets received, 7578 bps, 94.73%, Err 0 (0.0e+00)
325.502 .... 1200 packets received, 7578 bps, 94.72%, Err 0 (0.0e+00)
327.662 .... 1208 packets received, 7578 bps, 94.72%, Err 0 (0.0e+00)
329.835 .... 1216 packets received, 7578 bps, 94.72%, Err 0 (0.0e+00)
331.994 .... 1224 packets received, 7578 bps, 94.72%, Err 0 (0.0e+00)
334.142 .... 1232 packets received, 7578 bps, 94.72%, Err 0 (0.0e+00)
336.306 .... 1240 packets received, 7578 bps, 94.72%, Err 0 (0.0e+00)
338.492 .... 1248 packets received, 7577 bps, 94.72%, Err 0 (0.0e+00)
340.656 .... 1256 packets received, 7577 bps, 94.72%, Err 0 (0.0e+00)
342.804 .... 1264 packets received, 7578 bps, 94.72%, Err 0 (0.0e+00)
344.977 .... 1272 packets received, 7577 bps, 94.72%, Err 0 (0.0e+00)
347.143 .... 1280 packets received, 7577 bps, 94.72%, Err 0 (0.0e+00)
349.309 .... 1288 packets received, 7577 bps, 94.72%, Err 0 (0.0e+00)
351.462 .... 1296 packets received, 7577 bps, 94.72%, Err 0 (0.0e+00)
353.611 .... 1304 packets received, 7578 bps, 94.72%, Err 0 (0.0e+00)
355.762 .... 1312 packets received, 7578 bps, 94.72%, Err 0 (0.0e+00)
357.909 .... 1320 packets received, 7578 bps, 94.73%, Err 0 (0.0e+00)
360.067 .... 1328 packets received, 7578 bps, 94.73%, Err 0 (0.0e+00)
362.225 .... 1336 packets received, 7578 bps, 94.73%, Err 0 (0.0e+00)
364.384 .... 1344 packets received, 7579 bps, 94.73%, Err 0 (0.0e+00)
366.546 .... 1352 packets received, 7579 bps, 94.73%, Err 0 (0.0e+00)
368.731 .... 1360 packets received, 7578 bps, 94.73%, Err 0 (0.0e+00)
370.879 .... 1368 packets received, 7578 bps, 94.73%, Err 0 (0.0e+00)
373.051 .... 1376 packets received, 7578 bps, 94.73%, Err 0 (0.0e+00)
375.207 .... 1384 packets received, 7578 bps, 94.73%, Err 0 (0.0e+00)
377.382 .... 1392 packets received, 7578 bps, 94.72%, Err 0 (0.0e+00)
379.526 .... 1400 packets received, 7578 bps, 94.73%, Err 0 (0.0e+00)
381.691 .... 1408 packets received, 7578 bps, 94.73%, Err 0 (0.0e+00)
383.848 .... 1416 packets received, 7578 bps, 94.73%, Err 0 (0.0e+00)
386.036 .... 1424 packets received, 7578 bps, 94.72%, Err 0 (0.0e+00)
388.173 .... 1432 packets received, 7578 bps, 94.73%, Err 0 (0.0e+00)
390.330 .... 1440 packets received, 7578 bps, 94.73%, Err 0 (0.0e+00)
392.490 .... 1448 packets received, 7578 bps, 94.73%, Err 0 (0.0e+00)
394.667 .... 1456 packets received, 7578 bps, 94.73%, Err 0 (0.0e+00)
396.822 .... 1464 packets received, 7578 bps, 94.73%, Err 0 (0.0e+00)
399.002 .... 1472 packets received, 7578 bps, 94.72%, Err 0 (0.0e+00)
401.155 .... 1480 packets received, 7578 bps, 94.73%, Err 0 (0.0e+00)
403.324 .... 1488 packets received, 7578 bps, 94.73%, Err 0 (0.0e+00)
405.497 .... 1496 packets received, 7578 bps, 94.72%, Err 0 (0.0e+00)
407.658 .... 1504 packets received, 7578 bps, 94.72%, Err 0 (0.0e+00)
409.818 .... 1512 packets received, 7578 bps, 94.72%, Err 0 (0.0e+00)
411.985 .... 1520 packets received, 7578 bps, 94.72%, Err 0 (0.0e+00)
414.136 .... 1528 packets received, 7578 bps, 94.73%, Err 0 (0.0e+00)
416.315 .... 1536 packets received, 7578 bps, 94.72%, Err 0 (0.0e+00)
418.471 .... 1544 packets received, 7578 bps, 94.72%, Err 0 (0.0e+00)
420.609 .... 1552 packets received, 7578 bps, 94.73%, Err 0 (0.0e+00)
422.768 .... 1560 packets received, 7578 bps, 94.73%, Err 0 (0.0e+00)
424.947 .... 1568 packets received, 7578 bps, 94.72%, Err 0 (0.0e+00)
427.099 .... 1576 packets received, 7578 bps, 94.73%, Err 0 (0.0e+00)
429.277 .... 1584 packets received, 7578 bps, 94.72%, Err 0 (0.0e+00)
431.433 .... 1592 packets received, 7578 bps, 94.72%, Err 0 (0.0e+00)
433.598 .... 1600 packets received, 7578 bps, 94.72%, Err 0 (0.0e+00)
435.757 .... 1608 packets received, 7578 bps, 94.72%, Err 0 (0.0e+00)
437.917 .... 1616 packets received, 7578 bps, 94.73%, Err 0 (0.0e+00)
440.075 .... 1624 packets received, 7578 bps, 94.73%, Err 0 (0.0e+00)
442.229 .... 1632 packets received, 7578 bps, 94.73%, Err 0 (0.0e+00)
444.385 .... 1640 packets received, 7578 bps, 94.73%, Err 0 (0.0e+00)
446.569 .... 1648 packets received, 7578 bps, 94.72%, Err 0 (0.0e+00)
448.745 .... 1656 packets received, 7578 bps, 94.72%, Err 0 (0.0e+00)
450.888 .... 1664 packets received, 7578 bps, 94.73%, Err 0 (0.0e+00)
453.043 .... 1672 packets received, 7578 bps, 94.73%, Err 0 (0.0e+00)
455.203 .... 1680 packets received, 7578 bps, 94.73%, Err 0 (0.0e+00)
457.366 .... 1688 packets received, 7578 bps, 94.73%, Err 0 (0.0e+00)
459.526 .... 1696 packets received, 7578 bps, 94.73%, Err 0 (0.0e+00)
